{"level":30,"time":1713442029279,"pid":59800,"hostname":"PC224","msg":"user registered successfully.."}
{"level":30,"time":1713442057284,"pid":59800,"hostname":"PC224","msg":"user Login successfully.."}
{"level":60,"time":1713442698085,"pid":58264,"hostname":"PC224","msg":"Internal Server Error."}
{"level":60,"time":1713442720507,"pid":56372,"hostname":"PC224","msg":"Internal Server Error."}
{"level":60,"time":1713442894825,"pid":61404,"hostname":"PC224","msg":"Internal Server Error."}
{"level":60,"time":1713442898409,"pid":61404,"hostname":"PC224","msg":"Internal Server Error."}
{"level":60,"time":1713442900671,"pid":61404,"hostname":"PC224","msg":"Internal Server Error."}
{"level":60,"time":1713442902387,"pid":61404,"hostname":"PC224","msg":"Internal Server Error."}
{"level":60,"time":1713442902960,"pid":61404,"hostname":"PC224","msg":"Internal Server Error."}
{"level":60,"time":1713442903402,"pid":61404,"hostname":"PC224","msg":"Internal Server Error."}
{"level":60,"time":1713442945146,"pid":61404,"hostname":"PC224","msg":"Internal Server Error."}
{"level":60,"time":1713442956668,"pid":57996,"hostname":"PC224","msg":"Internal Server Error."}
{"level":60,"time":1713442958808,"pid":57996,"hostname":"PC224","msg":"Internal Server Error."}
{"level":60,"time":1713442961384,"pid":57996,"hostname":"PC224","msg":"Internal Server Error."}
{"level":60,"time":1713443053781,"pid":48136,"hostname":"PC224","msg":"Internal Server Error."}
{"level":60,"time":1713443054637,"pid":48136,"hostname":"PC224","msg":"Internal Server Error."}
{"level":60,"time":1713443056666,"pid":48136,"hostname":"PC224","msg":"Internal Server Error."}
{"level":60,"time":1713443058658,"pid":48136,"hostname":"PC224","msg":"Internal Server Error."}
{"level":60,"time":1713443064110,"pid":48136,"hostname":"PC224","msg":"Internal Server Error."}
{"level":40,"time":1713443166988,"pid":57504,"hostname":"PC224","msg":"Invalid email or password.. user not found"}
{"level":30,"time":1713443183933,"pid":60468,"hostname":"PC224","msg":"user registered successfully.."}
{"level":30,"time":1713443194845,"pid":60468,"hostname":"PC224","msg":"user Login successfully.."}
{"level":40,"time":1713443209162,"pid":60468,"hostname":"PC224","msg":"Invalid email or password.. user not found"}
{"level":40,"time":1713443274669,"pid":53280,"hostname":"PC224","msg":"Invalid email or password.. user not found"}
{"level":40,"time":1713500036345,"pid":19488,"hostname":"PC224","msg":"Invalid email or password.. user not found"}
{"level":50,"time":1713506432732,"pid":26568,"hostname":"PC224","msg":"Unauthorized or Token does not exist..."}
{"level":40,"time":1713506463602,"pid":63320,"hostname":"PC224","msg":"Invalid email or password.. user not found"}
{"level":40,"time":1713506477199,"pid":63320,"hostname":"PC224","msg":"Invalid email or password.. user not found"}
{"level":30,"time":1713506483654,"pid":63320,"hostname":"PC224","msg":"user Login successfully.."}
{"level":50,"time":1713506510069,"pid":63320,"hostname":"PC224","msg":"Unauthorized or Token does not exist..."}
{"level":30,"time":1713506756565,"pid":37088,"hostname":"PC224","msg":"user Login successfully.."}
{"level":50,"time":1713506760972,"pid":37088,"hostname":"PC224","msg":"Unauthorized or Token does not exist..."}
{"level":50,"time":1713507195529,"pid":20820,"hostname":"PC224","msg":"Unauthorized or Token does not exist..."}
{"level":30,"time":1713507205158,"pid":51484,"hostname":"PC224","msg":"user Login successfully.."}
{"level":50,"time":1713507209347,"pid":51484,"hostname":"PC224","msg":"Unauthorized or Token does not exist..."}
{"level":50,"time":1713507210053,"pid":26028,"hostname":"PC224","msg":"Unauthorized or Token does not exist..."}
{"level":30,"time":1713507664889,"pid":46680,"hostname":"PC224","msg":"user Login successfully.."}
{"level":50,"time":1713507667630,"pid":46680,"hostname":"PC224","msg":"Unauthorized or Token does not exist..."}
{"level":60,"time":1713507667631,"pid":46680,"hostname":"PC224","msg":"Internal Server Error."}
{"level":50,"time":1713507668233,"pid":46680,"hostname":"PC224","msg":"Unauthorized or Token does not exist..."}
{"level":60,"time":1713507668234,"pid":46680,"hostname":"PC224","msg":"Internal Server Error."}
{"level":30,"time":1713508340481,"pid":64300,"hostname":"PC224","msg":"user Login successfully.."}
{"level":30,"time":1713508814920,"pid":65816,"hostname":"PC224","msg":"user Login successfully.."}
{"level":30,"time":1713508871743,"pid":66380,"hostname":"PC224","msg":"user Login successfully.."}
{"level":50,"time":1713509441899,"pid":65912,"hostname":"PC224","msg":"Unauthorized or Token does not exist..."}
{"level":50,"time":1713513673275,"pid":55716,"hostname":"PC224","msg":"ENOENT: no such file or directory, open 'C:\\Users\\rahul.n_moontechnola\\Desktop\\uploads\\1713513673273-free-nature-images.jpg'"}
{"level":50,"time":1713513686845,"pid":67656,"hostname":"PC224","msg":"ENOENT: no such file or directory, open 'C:\\Users\\rahul.n_moontechnola\\Desktop\\new training\\uploads\\1713513686844-free-nature-images.jpg'"}
{"level":40,"time":1713515912275,"pid":68484,"hostname":"PC224","msg":"Invalid password"}
{"level":50,"time":1713518046024,"pid":67132,"hostname":"PC224","msg":"Unauthorized or Token does not exist..."}
{"level":60,"time":1713518046031,"pid":67132,"hostname":"PC224","msg":"Internal Server Error."}
{"level":50,"time":1713518050741,"pid":14280,"hostname":"PC224","msg":"Unauthorized or Token does not exist..."}
{"level":50,"time":1713518052094,"pid":14280,"hostname":"PC224","msg":"Unauthorized or Token does not exist..."}
{"level":50,"time":1713518055272,"pid":14280,"hostname":"PC224","msg":"Unauthorized or Token does not exist..."}
{"level":30,"time":1713518145403,"pid":70096,"hostname":"PC224","msg":"user registered successfully.."}
{"level":50,"time":1713518173182,"pid":64308,"hostname":"PC224","msg":"Unauthorized or Token does not exist..."}
{"level":50,"time":1713518173793,"pid":64308,"hostname":"PC224","msg":"Unauthorized or Token does not exist..."}
{"level":30,"time":1713518195525,"pid":64308,"hostname":"PC224","msg":"user Login successfully.."}
{"level":40,"time":1713518232071,"pid":64308,"hostname":"PC224","msg":"Invalid password"}
{"level":40,"time":1713518736094,"pid":14888,"hostname":"PC224","msg":"Invalid password"}
{"level":40,"time":1713518816468,"pid":22196,"hostname":"PC224","msg":"Invalid password"}
{"level":30,"time":1713520718545,"pid":62632,"hostname":"PC224","msg":"user registered successfully.."}
{"level":30,"time":1713520747964,"pid":62632,"hostname":"PC224","msg":"user Login successfully.."}
{"level":40,"time":1713520791572,"pid":34596,"hostname":"PC224","msg":"Invalid password"}
{"level":40,"time":1713522883014,"pid":25332,"hostname":"PC224","msg":"Invalid password"}
{"level":40,"time":1713522933980,"pid":66700,"hostname":"PC224","msg":"Invalid password for accessing file"}
{"level":40,"time":1713523299763,"pid":71864,"hostname":"PC224","msg":"Invalid password for accessing file"}
{"level":50,"time":1713524563268,"pid":73288,"hostname":"PC224","msg":"Unauthorized or Token does not exist..."}
{"level":50,"time":1713524563531,"pid":73288,"hostname":"PC224","msg":"Unauthorized or Token does not exist..."}
{"level":30,"time":1713524604193,"pid":73288,"hostname":"PC224","msg":"user registered successfully.."}
{"level":30,"time":1713524620423,"pid":73288,"hostname":"PC224","msg":"user Login successfully.."}
{"level":50,"time":1713524797592,"pid":71908,"hostname":"PC224","msg":"Unauthorized or Token does not exist..."}
{"level":50,"time":1713524871378,"pid":70616,"hostname":"PC224","msg":"Unauthorized or Token does not exist..."}
{"level":50,"time":1713524871651,"pid":70616,"hostname":"PC224","msg":"Unauthorized or Token does not exist..."}
{"level":40,"time":1713524898551,"pid":70616,"hostname":"PC224","msg":"Invalid email or password.. user not found"}
{"level":30,"time":1713524902697,"pid":70616,"hostname":"PC224","msg":"user Login successfully.."}
{"level":40,"time":1713524927289,"pid":70616,"hostname":"PC224","msg":"Invalid password for accessing file"}
{"level":30,"time":1713759224655,"pid":5384,"hostname":"PC224","msg":"user registered successfully.."}
{"level":40,"time":1713759253874,"pid":5384,"hostname":"PC224","msg":"Invalid email or password.. user not found"}
{"level":30,"time":1713759257817,"pid":5384,"hostname":"PC224","msg":"user Login successfully.."}
{"level":40,"time":1713759276597,"pid":5384,"hostname":"PC224","msg":"Invalid password for accessing file"}
{"level":40,"time":1713762073425,"pid":73652,"hostname":"PC224","msg":"Invalid password for accessing file"}
{"level":30,"time":1713932792119,"pid":7828,"hostname":"PC224","msg":"user Login successfully.."}
{"level":50,"time":1713932805907,"pid":7828,"hostname":"PC224","msg":"ENOENT: no such file or directory, open 'C:\\Users\\rahul.n_moontechnola\\Desktop\\new training\\project_2_url\\uploads\\1713932805906-sunset-1373171_1280.png'"}
{"level":50,"time":1713932976996,"pid":13936,"hostname":"PC224","msg":"ENOENT: no such file or directory, open 'C:\\Users\\rahul.n_moontechnola\\Desktop\\new training\\project_2_url\\src\\services\\uploads\\1713932976994-sunset-1373171_1280.png'"}
{"level":50,"time":1713932983440,"pid":13936,"hostname":"PC224","msg":"ENOENT: no such file or directory, open 'C:\\Users\\rahul.n_moontechnola\\Desktop\\new training\\project_2_url\\src\\services\\uploads\\1713932983438-sunset-1373171_1280.png'"}
{"level":30,"time":1713933005763,"pid":23484,"hostname":"PC224","msg":"user Login successfully.."}
{"level":30,"time":1713933475689,"pid":11740,"hostname":"PC224","msg":"user registered successfully.."}
{"level":30,"time":1713933498101,"pid":11740,"hostname":"PC224","msg":"user Login successfully.."}
{"level":40,"time":1713941220138,"pid":3016,"hostname":"PC224","msg":"Invalid email or password.. user not found"}
{"level":30,"time":1713941231084,"pid":3016,"hostname":"PC224","msg":"user registered successfully.."}
{"level":30,"time":1713941238382,"pid":3016,"hostname":"PC224","msg":"user Login successfully.."}
{"level":30,"time":1713943410189,"pid":21328,"hostname":"PC224","msg":"user registered successfully.."}
{"level":40,"time":1713943421971,"pid":21328,"hostname":"PC224","msg":"Invalid email or password.. user not found"}
{"level":30,"time":1713943427448,"pid":21328,"hostname":"PC224","msg":"user Login successfully.."}
{"level":40,"time":1713943452554,"pid":21328,"hostname":"PC224","msg":"Invalid password for accessing file"}
{"level":40,"time":1713943538357,"pid":17132,"hostname":"PC224","msg":"Invalid password for accessing file"}
{"level":40,"time":1713943727427,"pid":12252,"hostname":"PC224","msg":"Invalid password for accessing file"}
{"level":40,"time":1713943746796,"pid":12252,"hostname":"PC224","msg":"Invalid password for accessing file"}
{"level":40,"time":1713943769989,"pid":12252,"hostname":"PC224","msg":"Invalid password for accessing file"}
