{"level":40,"time":1713773443305,"pid":19180,"hostname":"PC224","msg":"Email or Username Is Already Exists.."}
{"level":60,"time":1713773443359,"pid":19180,"hostname":"PC224","msg":"Internal Server Error."}
{"level":60,"time":1713773459051,"pid":9904,"hostname":"PC224","msg":"Internal Server Error."}
{"level":60,"time":1713773510033,"pid":11032,"hostname":"PC224","msg":"Internal Server Error."}
{"level":60,"time":1713773537696,"pid":10324,"hostname":"PC224","msg":"Internal Server Error registerUser."}
{"level":30,"time":1713773582856,"pid":5908,"hostname":"PC224","msg":"user registered successfully.."}
{"level":30,"time":1713773598495,"pid":5908,"hostname":"PC224","msg":"user registered successfully.."}
{"level":30,"time":1713773605078,"pid":5908,"hostname":"PC224","msg":"user Login successfully.."}
{"level":40,"time":1713773756749,"pid":20300,"hostname":"PC224","msg":"No Blogs found."}
{"level":30,"time":1713773769747,"pid":9952,"hostname":"PC224","msg":"Blog created successfully"}
{"level":60,"time":1713773789255,"pid":9952,"hostname":"PC224","msg":"Internal Server Error."}
{"level":60,"time":1713773826640,"pid":18580,"hostname":"PC224","msg":"Internal Server Error."}
{"level":60,"time":1713773884058,"pid":18880,"hostname":"PC224","msg":"Internal Server Error."}
{"level":60,"time":1713773892509,"pid":392,"hostname":"PC224","msg":"Internal Server Error."}
{"level":60,"time":1713773903667,"pid":19836,"hostname":"PC224","msg":"Internal Server Error."}
{"level":60,"time":1713773921033,"pid":15872,"hostname":"PC224","msg":"Internal Server Error."}
{"level":60,"time":1713773932829,"pid":8120,"hostname":"PC224","msg":"Internal Server Error."}
{"level":30,"time":1713773980193,"pid":8120,"hostname":"PC224","msg":"Blog updated successfully"}
{"level":40,"time":1713774008973,"pid":8120,"hostname":"PC224","msg":"Unauthorized Or Blog does not exist.."}
{"level":30,"time":1713782311010,"pid":17756,"hostname":"PC224","msg":"user registered successfully.."}
{"level":30,"time":1713782316283,"pid":17756,"hostname":"PC224","msg":"user Login successfully.."}
{"level":30,"time":1713782335920,"pid":17756,"hostname":"PC224","msg":"Blog created successfully"}
{"level":60,"time":1713784187395,"pid":9548,"hostname":"PC224","msg":"Internal Server Error."}
{"level":60,"time":1713784188132,"pid":9548,"hostname":"PC224","msg":"Internal Server Error."}
{"level":60,"time":1713789697230,"pid":19132,"hostname":"PC224","msg":"Internal Server Error."}
{"level":30,"time":1713789704793,"pid":19132,"hostname":"PC224","msg":"Blog created successfully"}
{"level":30,"time":1713947602374,"pid":15356,"hostname":"PC224","msg":"user registered successfully.."}
{"level":30,"time":1713947608186,"pid":15356,"hostname":"PC224","msg":"user Login successfully.."}
{"level":40,"time":1713947618099,"pid":13148,"hostname":"PC224","msg":"No Blogs found."}
{"level":30,"time":1713947627741,"pid":1780,"hostname":"PC224","msg":"Blog created successfully"}
{"level":30,"time":1713947646915,"pid":15356,"hostname":"PC224","msg":"Blog updated successfully"}
{"level":30,"time":1713947679414,"pid":15356,"hostname":"PC224","msg":"Blog created successfully"}
{"level":40,"time":1713947682473,"pid":15356,"hostname":"PC224","msg":"No Blogs found."}
{"level":60,"time":1713947693193,"pid":11284,"hostname":"PC224","msg":"Internal Server Error."}
{"level":40,"time":1713947734280,"pid":17488,"hostname":"PC224","msg":"No Blogs found."}
{"level":40,"time":1713947743805,"pid":6060,"hostname":"PC224","msg":"No image uploaded"}
{"level":40,"time":1714025574839,"pid":16556,"hostname":"PC224","msg":"No Blogs found."}
{"level":40,"time":1714025597620,"pid":15900,"hostname":"PC224","msg":"Invalid email or password.. user not found"}
{"level":30,"time":1714025603076,"pid":11344,"hostname":"PC224","msg":"user registered successfully.."}
{"level":30,"time":1714025606338,"pid":11344,"hostname":"PC224","msg":"user Login successfully.."}
{"level":30,"time":1714025615661,"pid":11344,"hostname":"PC224","msg":"Blog created successfully"}
